<?xml version="1.0" encoding="UTF-8"?>
<!-- Generated by org.testng.reporters.JUnitReportReporter -->
<testsuite hostname="vivek" failures="0" tests="1" name="Testcases.Test1" time="0.067" errors="0" timestamp="2025-02-06T18:34:10 IST" skipped="0">
  <testcase classname="Testcases.Test1" name="Tests" time="0.067"/>
</testsuite> <!-- Testcases.Test1 -->
